[2016-02-02 14:42:45] START
[2016-02-02 14:50:34] EDIT imageScript/controllers/default.py: -1
[2016-02-07 15:30:46] UPLOAD C:/Python27/web2py/applications/imageScript/static/capstoneimage.jpg: 339
[2016-02-07 15:31:26] UPLOAD C:/Python27/web2py/applications/imageScript/static/images/capstoneimage.jpg: 339
[2016-02-07 15:31:34] DELETE imageScript/static/capstoneimage.jpg: -8
[2016-02-07 15:32:52] EDIT imageScript/controllers/default.py: -6
[2016-02-07 15:34:23] EDIT imageScript/views/default/index.html: -48
[2016-02-07 15:36:01] EDIT imageScript/controllers/default.py: 0
[2016-02-07 15:36:27] EDIT imageScript/controllers/default.py: 0
[2016-02-07 15:36:46] EDIT imageScript/controllers/default.py: 0
[2016-02-07 15:38:10] EDIT imageScript/views/default/index.html: 1
[2016-02-07 15:39:46] EDIT imageScript/views/default/index.html: 4
[2016-02-07 15:56:50] EDIT imageScript/controllers/default.py: 0
[2016-02-07 16:24:51] EDIT imageScript/views/default/index.html: 0
[2016-02-07 16:25:21] EDIT imageScript/views/default/index.html: 0
[2016-02-07 16:25:46] EDIT imageScript/views/default/index.html: 0
[2016-02-07 16:27:45] EDIT imageScript/views/default/index.html: 0
[2016-02-07 16:28:14] EDIT imageScript/views/default/index.html: 0
[2016-02-07 16:28:58] EDIT imageScript/views/default/index.html: 0
[2016-02-07 16:30:05] EDIT imageScript/views/default/index.html: 0
[2016-02-07 16:31:19] EDIT imageScript/views/default/index.html: 0
[2016-02-07 16:37:23] EDIT imageScript/views/default/index.html: 0
[2016-02-07 16:37:44] EDIT imageScript/views/default/index.html: 0
[2016-02-07 16:38:34] EDIT imageScript/views/default/index.html: 0
[2016-02-07 16:38:50] EDIT imageScript/views/default/index.html: 0
[2016-02-07 16:41:09] EDIT imageScript/views/default/index.html: 0
[2016-02-07 16:41:25] EDIT imageScript/views/default/index.html: 0
[2016-02-07 16:41:41] EDIT imageScript/views/default/index.html: 0
[2016-02-07 16:43:07] EDIT imageScript/views/default/index.html: 0
[2016-02-07 16:43:56] EDIT imageScript/views/default/index.html: 0
[2016-02-08 22:30:30] EDIT imageScript/controllers/default.py: 1
[2016-02-08 22:30:31] EDIT imageScript/controllers/default.py: 0
[2016-02-08 22:58:38] EDIT imageScript/models/db.py: 20
[2016-02-08 23:01:59] EDIT imageScript/models/db.py: -17
[2016-02-08 23:02:49] EDIT imageScript/models/db.py: 0
[2016-02-08 23:02:51] EDIT imageScript/models/db.py: 0
[2016-02-08 23:02:51] EDIT imageScript/models/db.py: 0
[2016-02-08 23:03:19] EDIT imageScript/models/db.py: -3
[2016-02-08 23:03:19] EDIT imageScript/models/db.py: 0
[2016-02-08 23:03:19] EDIT imageScript/models/db.py: 0
[2016-02-08 23:09:01] EDIT imageScript/models/db.py: 21
[2016-02-08 23:09:02] EDIT imageScript/models/db.py: 0
[2016-02-08 23:09:02] EDIT imageScript/models/db.py: 0
[2016-02-08 23:09:42] EDIT imageScript/controllers/default.py: 0
[2016-02-08 23:09:43] EDIT imageScript/controllers/default.py: 0
[2016-02-08 23:09:53] EDIT imageScript/models/db.py: 0
[2016-02-08 23:09:53] EDIT imageScript/models/db.py: 0
[2016-02-08 23:09:53] EDIT imageScript/models/db.py: 0
[2016-02-08 23:10:48] EDIT imageScript/models/db.py: 0
[2016-02-08 23:10:49] EDIT imageScript/models/db.py: 0
[2016-02-08 23:12:02] EDIT imageScript/models/db.py: 0
[2016-02-08 23:12:02] EDIT imageScript/models/db.py: 0
[2016-02-08 23:12:02] EDIT imageScript/models/db.py: 0
[2016-02-08 23:12:03] EDIT imageScript/models/db.py: 0
[2016-02-08 23:14:16] EDIT imageScript/models/db.py: 2
[2016-02-08 23:14:16] EDIT imageScript/models/db.py: 0
[2016-02-08 23:14:16] EDIT imageScript/models/db.py: 0
[2016-02-08 23:16:16] EDIT imageScript/models/db.py: 0
[2016-02-08 23:16:17] EDIT imageScript/models/db.py: 0
[2016-02-08 23:22:56] EDIT imageScript/models/db.py: 0
[2016-02-08 23:22:56] EDIT imageScript/models/db.py: 0
[2016-02-08 23:23:44] EDIT imageScript/models/db.py: 0
[2016-02-08 23:23:44] EDIT imageScript/models/db.py: 0
[2016-02-08 23:26:38] EDIT imageScript/models/db.py: 0
[2016-02-08 23:26:38] EDIT imageScript/models/db.py: 0
[2016-02-08 23:27:01] EDIT imageScript/models/db.py: 0
[2016-02-08 23:27:01] EDIT imageScript/models/db.py: 0
[2016-02-08 23:38:46] EDIT imageScript/models/db.py: 0
[2016-02-08 23:38:46] EDIT imageScript/models/db.py: 0
[2016-02-08 23:38:46] EDIT imageScript/models/db.py: 0
[2016-02-08 23:38:47] EDIT imageScript/models/db.py: 0
[2016-02-08 23:38:47] EDIT imageScript/models/db.py: 0
[2016-02-08 23:41:15] EDIT imageScript/models/db.py: -9
[2016-02-08 23:41:15] EDIT imageScript/models/db.py: 0
[2016-02-08 23:41:15] EDIT imageScript/models/db.py: 0
[2016-02-08 23:44:55] EDIT imageScript/views/default/index.html: 1
[2016-02-08 23:44:55] EDIT imageScript/views/default/index.html: 0
[2016-02-08 23:48:19] EDIT imageScript/views/default/index.html: 0
[2016-02-08 23:48:19] EDIT imageScript/views/default/index.html: 0
[2016-02-08 23:48:22] EDIT imageScript/controllers/default.py: 1
[2016-02-08 23:48:22] EDIT imageScript/controllers/default.py: 0
[2016-02-08 23:49:44] EDIT imageScript/controllers/default.py: 0
[2016-02-08 23:49:44] EDIT imageScript/controllers/default.py: 0
[2016-02-08 23:49:44] EDIT imageScript/controllers/default.py: 0
[2016-02-09 00:22:47] EDIT imageScript/controllers/default.py: 0
[2016-02-09 00:22:47] EDIT imageScript/controllers/default.py: 0
[2016-02-09 00:22:47] EDIT imageScript/controllers/default.py: 0
[2016-02-09 00:23:21] EDIT imageScript/controllers/default.py: 0
[2016-02-09 00:23:21] EDIT imageScript/controllers/default.py: 0
[2016-02-09 18:49:56] EDIT imageScript/models/db.py: 7
[2016-02-09 18:49:56] EDIT imageScript/models/db.py: 0
[2016-02-09 18:50:30] EDIT imageScript/models/db.py: 0
[2016-02-09 18:51:49] EDIT imageScript/models/db.py: -1
[2016-02-09 18:51:50] EDIT imageScript/models/db.py: 0
[2016-02-09 18:51:50] EDIT imageScript/models/db.py: 0
[2016-02-09 18:51:51] EDIT imageScript/models/db.py: 0
[2016-02-09 18:53:06] EDIT imageScript/models/db.py: 2
[2016-02-09 18:53:06] EDIT imageScript/models/db.py: 0
[2016-02-09 18:54:39] EDIT imageScript/models/db.py: -2
[2016-02-09 18:54:39] EDIT imageScript/models/db.py: 0
[2016-02-09 18:54:39] EDIT imageScript/models/db.py: 0
[2016-02-09 18:54:39] EDIT imageScript/models/db.py: 0
[2016-02-09 18:55:28] EDIT imageScript/controllers/default.py: 2
[2016-02-09 18:55:28] EDIT imageScript/controllers/default.py: 0
[2016-02-09 18:55:33] EDIT imageScript/controllers/default.py: 0
[2016-02-09 18:55:33] EDIT imageScript/controllers/default.py: 0
[2016-02-09 18:55:33] EDIT imageScript/controllers/default.py: 0
[2016-02-09 18:56:55] CREATE default/register.html: 0
[2016-02-09 18:57:16] EDIT imageScript/views/default/register.html: 2
[2016-02-09 18:57:16] EDIT imageScript/views/default/register.html: 0
[2016-02-09 18:58:14] EDIT imageScript/models/db.py: 0
[2016-02-09 18:58:14] EDIT imageScript/models/db.py: 0
[2016-02-09 19:00:15] EDIT imageScript/views/default/register.html: 0
[2016-02-09 19:00:15] EDIT imageScript/views/default/register.html: 0
[2016-02-09 19:00:48] EDIT imageScript/views/default/register.html: 3
[2016-02-09 19:00:49] EDIT imageScript/views/default/register.html: 0
[2016-02-09 19:00:49] EDIT imageScript/views/default/register.html: 0
[2016-02-09 19:05:38] EDIT imageScript/views/default/register.html: 5
[2016-02-09 19:05:39] EDIT imageScript/views/default/register.html: 0
[2016-02-09 19:07:05] EDIT imageScript/views/default/register.html: 0
[2016-02-09 19:07:05] EDIT imageScript/views/default/register.html: 0
[2016-02-09 19:08:00] EDIT imageScript/views/default/register.html: 0
[2016-02-09 19:08:00] EDIT imageScript/views/default/register.html: 0
[2016-02-09 19:08:29] EDIT imageScript/views/default/register.html: 0
[2016-02-09 19:08:29] EDIT imageScript/views/default/register.html: 0
[2016-02-09 19:08:29] EDIT imageScript/views/default/register.html: 0
[2016-02-09 19:10:34] EDIT imageScript/views/default/register.html: 0
[2016-02-09 19:10:34] EDIT imageScript/views/default/register.html: 0
[2016-02-09 19:11:18] EDIT imageScript/views/default/register.html: 0
[2016-02-09 19:11:18] EDIT imageScript/views/default/register.html: 0
[2016-02-09 19:11:19] EDIT imageScript/views/default/register.html: 0
[2016-02-09 19:12:24] EDIT imageScript/views/default/register.html: 0
[2016-02-09 19:12:24] EDIT imageScript/views/default/register.html: 0
[2016-02-09 19:12:24] EDIT imageScript/views/default/register.html: 0
[2016-02-09 19:12:24] EDIT imageScript/views/default/register.html: 0
[2016-02-09 19:12:46] EDIT imageScript/views/default/register.html: 0
[2016-02-09 19:12:46] EDIT imageScript/views/default/register.html: 0
[2016-02-09 19:18:26] EDIT imageScript/views/default/register.html: 0
[2016-02-09 19:18:26] EDIT imageScript/views/default/register.html: 0
[2016-02-09 19:20:42] EDIT imageScript/views/default/register.html: 6
[2016-02-09 19:20:43] EDIT imageScript/views/default/register.html: 0
[2016-02-09 19:21:15] EDIT imageScript/views/default/register.html: 0
[2016-02-09 19:21:15] EDIT imageScript/views/default/register.html: 0
[2016-02-09 19:23:33] EDIT imageScript/views/default/register.html: 0
[2016-02-09 19:23:34] EDIT imageScript/views/default/register.html: 0
[2016-02-09 19:24:01] EDIT imageScript/views/default/register.html: 0
[2016-02-09 19:25:47] EDIT imageScript/views/default/register.html: 0
[2016-02-09 19:25:47] EDIT imageScript/views/default/register.html: 0
[2016-02-09 19:26:26] EDIT imageScript/views/default/register.html: -1
[2016-02-09 19:26:26] EDIT imageScript/views/default/register.html: 0
[2016-02-09 19:26:48] EDIT imageScript/views/default/register.html: 0
[2016-02-09 19:26:49] EDIT imageScript/views/default/register.html: 0
[2016-02-09 19:27:24] EDIT imageScript/views/default/register.html: 1
[2016-02-09 19:27:24] EDIT imageScript/views/default/register.html: 0
[2016-02-09 19:27:47] EDIT imageScript/views/default/register.html: 0
[2016-02-09 19:27:47] EDIT imageScript/views/default/register.html: 0
[2016-02-09 19:27:47] EDIT imageScript/views/default/register.html: 0
[2016-02-09 19:31:32] EDIT imageScript/views/default/register.html: 0
[2016-02-09 19:31:43] EDIT imageScript/views/default/register.html: 0
[2016-02-09 19:32:06] EDIT imageScript/views/default/register.html: 4
[2016-02-09 19:32:28] EDIT imageScript/views/default/register.html: 0
[2016-02-09 19:33:28] EDIT imageScript/views/default/register.html: 4
[2016-02-09 19:33:28] EDIT imageScript/views/default/register.html: 0
[2016-02-09 19:33:28] EDIT imageScript/views/default/register.html: 0
[2016-02-09 19:33:51] EDIT imageScript/views/default/register.html: 0
[2016-02-09 19:33:51] EDIT imageScript/views/default/register.html: 0
[2016-02-09 19:33:51] EDIT imageScript/views/default/register.html: 0
[2016-02-09 19:34:41] EDIT imageScript/views/default/register.html: 8
[2016-02-09 19:34:41] EDIT imageScript/views/default/register.html: 0
[2016-02-09 19:35:33] EDIT imageScript/views/default/register.html: 0
[2016-02-09 19:38:21] EDIT imageScript/views/default/register.html: 0
[2016-02-09 19:38:21] EDIT imageScript/views/default/register.html: 0
[2016-02-09 19:38:21] EDIT imageScript/views/default/register.html: 0
[2016-02-09 19:38:22] EDIT imageScript/views/default/register.html: 0
[2016-02-09 19:38:22] EDIT imageScript/views/default/register.html: 0
[2016-02-09 19:39:52] EDIT imageScript/views/default/register.html: 1
[2016-02-09 19:39:52] EDIT imageScript/views/default/register.html: 0
[2016-02-09 19:40:37] EDIT imageScript/views/default/register.html: 0
[2016-02-09 19:40:37] EDIT imageScript/views/default/register.html: 0
[2016-02-09 19:43:11] EDIT imageScript/views/default/register.html: 3
[2016-02-09 19:43:12] EDIT imageScript/views/default/register.html: 0
[2016-02-09 19:43:30] EDIT imageScript/views/default/register.html: 0
[2016-02-09 19:49:08] EDIT imageScript/views/default/register.html: 0
[2016-02-09 19:49:08] EDIT imageScript/views/default/register.html: 0
[2016-02-09 19:50:08] EDIT imageScript/views/default/register.html: 0
[2016-02-09 19:50:08] EDIT imageScript/views/default/register.html: 0
[2016-02-09 19:50:08] EDIT imageScript/views/default/register.html: 0
[2016-02-09 19:50:33] EDIT imageScript/views/default/register.html: 0
[2016-02-09 19:50:33] EDIT imageScript/views/default/register.html: 0
[2016-02-09 19:50:33] EDIT imageScript/views/default/register.html: 0
[2016-02-09 19:52:02] EDIT imageScript/views/default/register.html: 2
[2016-02-09 19:52:02] EDIT imageScript/views/default/register.html: 0
[2016-02-09 19:53:13] EDIT imageScript/views/default/register.html: 0
[2016-02-09 19:53:13] EDIT imageScript/views/default/register.html: 0
[2016-02-09 19:53:13] EDIT imageScript/views/default/register.html: 0
[2016-02-09 19:53:14] EDIT imageScript/views/default/register.html: 0
[2016-02-09 19:54:09] EDIT imageScript/views/default/register.html: 0
[2016-02-09 19:54:09] EDIT imageScript/views/default/register.html: 0
[2016-02-09 19:54:09] EDIT imageScript/views/default/register.html: 0
[2016-02-09 19:54:22] EDIT imageScript/views/default/register.html: 0
[2016-02-09 19:54:22] EDIT imageScript/views/default/register.html: 0
[2016-02-09 19:54:33] EDIT imageScript/views/default/register.html: -2
[2016-02-09 19:54:34] EDIT imageScript/views/default/register.html: 0
[2016-02-09 19:54:34] EDIT imageScript/views/default/register.html: 0
[2016-02-09 19:55:14] EDIT imageScript/views/default/register.html: 2
[2016-02-09 19:55:14] EDIT imageScript/views/default/register.html: 0
[2016-02-09 19:55:14] EDIT imageScript/views/default/register.html: 0
[2016-02-09 19:58:05] EDIT imageScript/views/default/register.html: 0
[2016-02-09 19:58:06] EDIT imageScript/views/default/register.html: 0
[2016-02-09 20:00:09] EDIT imageScript/views/default/register.html: 2
[2016-02-09 20:00:10] EDIT imageScript/views/default/register.html: 0
[2016-02-09 20:04:26] EDIT imageScript/views/default/register.html: -2
[2016-02-09 20:04:26] EDIT imageScript/views/default/register.html: 0
[2016-02-09 20:07:31] EDIT imageScript/views/default/register.html: 0
[2016-02-09 20:07:31] EDIT imageScript/views/default/register.html: 0
[2016-02-09 20:07:32] EDIT imageScript/views/default/register.html: 0
[2016-02-09 20:09:12] EDIT imageScript/views/default/register.html: 0
[2016-02-09 20:09:12] EDIT imageScript/views/default/register.html: 0
[2016-02-09 20:09:14] EDIT imageScript/views/default/register.html: 0
[2016-02-09 20:09:15] EDIT imageScript/views/default/register.html: 0
[2016-02-09 20:10:48] EDIT imageScript/views/default/register.html: 0
[2016-02-09 20:10:48] EDIT imageScript/views/default/register.html: 0
[2016-02-09 20:11:41] EDIT imageScript/views/default/register.html: 0
[2016-02-09 20:11:41] EDIT imageScript/views/default/register.html: 0
[2016-02-09 20:11:53] EDIT imageScript/views/default/register.html: 0
[2016-02-09 20:11:53] EDIT imageScript/views/default/register.html: 0
[2016-02-09 20:12:21] EDIT imageScript/views/default/register.html: 0
[2016-02-09 20:12:21] EDIT imageScript/views/default/register.html: 0
[2016-02-09 20:12:21] EDIT imageScript/views/default/register.html: 0
[2016-02-09 20:13:40] EDIT imageScript/views/default/register.html: 0
[2016-02-09 20:16:54] EDIT imageScript/views/default/register.html: 2
[2016-02-09 20:16:54] EDIT imageScript/views/default/register.html: 0
[2016-02-09 20:17:31] EDIT imageScript/views/default/register.html: 0
[2016-02-09 20:17:31] EDIT imageScript/views/default/register.html: 0
[2016-02-09 20:17:31] EDIT imageScript/views/default/register.html: 0
[2016-02-09 20:18:35] EDIT imageScript/views/default/register.html: 0
[2016-02-09 20:18:35] EDIT imageScript/views/default/register.html: 0
[2016-02-09 20:18:35] EDIT imageScript/views/default/register.html: 0
[2016-02-09 20:18:46] EDIT imageScript/views/default/register.html: 0
[2016-02-09 20:18:47] EDIT imageScript/views/default/register.html: 0
[2016-02-09 20:18:47] EDIT imageScript/views/default/register.html: 0
[2016-02-09 20:18:53] EDIT imageScript/views/default/register.html: 0
[2016-02-09 20:18:53] EDIT imageScript/views/default/register.html: 0
[2016-02-09 20:19:06] EDIT imageScript/views/default/register.html: 0
[2016-02-09 20:19:06] EDIT imageScript/views/default/register.html: 0
[2016-02-09 20:20:34] EDIT imageScript/views/default/register.html: -1
[2016-02-09 20:20:34] EDIT imageScript/views/default/register.html: 0
[2016-02-09 20:25:33] EDIT imageScript/views/default/register.html: 3
[2016-02-09 20:25:33] EDIT imageScript/views/default/register.html: 0
[2016-02-09 20:28:39] EDIT imageScript/views/default/register.html: -3
[2016-02-09 20:28:39] EDIT imageScript/views/default/register.html: 0
[2016-02-09 20:29:37] EDIT imageScript/views/default/register.html: -6
[2016-02-09 20:29:37] EDIT imageScript/views/default/register.html: 0
[2016-02-09 20:29:37] EDIT imageScript/views/default/register.html: 0
[2016-02-09 20:30:04] EDIT imageScript/views/default/register.html: 5
[2016-02-09 20:30:04] EDIT imageScript/views/default/register.html: 0
[2016-02-09 20:31:42] EDIT imageScript/views/default/register.html: 0
[2016-02-09 20:32:16] EDIT imageScript/views/default/register.html: 0
[2016-02-09 20:32:16] EDIT imageScript/views/default/register.html: 0
[2016-02-09 20:33:29] EDIT imageScript/views/default/register.html: 0
[2016-02-09 20:34:18] EDIT imageScript/views/default/register.html: 1
[2016-02-09 20:34:18] EDIT imageScript/views/default/register.html: 0
[2016-02-09 20:35:42] EDIT imageScript/views/default/register.html: 0
[2016-02-09 20:35:42] EDIT imageScript/views/default/register.html: 0
[2016-02-09 20:36:12] EDIT imageScript/views/default/register.html: 3
[2016-02-09 20:36:13] EDIT imageScript/views/default/register.html: 0
[2016-02-09 20:38:05] EDIT imageScript/views/default/register.html: 0
[2016-02-09 20:38:05] EDIT imageScript/views/default/register.html: 0
[2016-02-09 20:38:06] EDIT imageScript/views/default/register.html: 0
[2016-02-09 20:38:13] EDIT imageScript/views/default/register.html: 0
[2016-02-09 20:38:13] EDIT imageScript/views/default/register.html: 0
[2016-02-09 20:38:23] EDIT imageScript/views/default/register.html: 0
[2016-02-09 20:38:24] EDIT imageScript/views/default/register.html: 0
[2016-02-09 20:38:44] EDIT imageScript/views/default/register.html: 0
[2016-02-09 20:38:44] EDIT imageScript/views/default/register.html: 0
[2016-02-09 20:38:44] EDIT imageScript/views/default/register.html: 0
[2016-02-09 20:39:07] EDIT imageScript/views/default/register.html: 0
[2016-02-09 20:39:07] EDIT imageScript/views/default/register.html: 0
[2016-02-09 20:39:07] EDIT imageScript/views/default/register.html: 0
[2016-02-09 20:40:27] EDIT imageScript/views/default/register.html: 0
[2016-02-09 20:40:27] EDIT imageScript/views/default/register.html: 0
[2016-02-09 20:40:43] EDIT imageScript/views/default/register.html: 0
[2016-02-09 20:42:05] EDIT imageScript/views/default/register.html: 0
[2016-02-09 20:42:05] EDIT imageScript/views/default/register.html: 0
[2016-02-09 20:42:32] EDIT imageScript/views/default/register.html: 0
[2016-02-09 20:42:32] EDIT imageScript/views/default/register.html: 0
[2016-02-09 20:42:32] EDIT imageScript/views/default/register.html: 0
[2016-02-09 20:43:22] EDIT imageScript/views/default/register.html: 0
[2016-02-09 20:43:22] EDIT imageScript/views/default/register.html: 0
[2016-02-09 20:43:58] EDIT imageScript/views/default/register.html: 0
[2016-02-09 20:44:36] EDIT imageScript/views/default/register.html: 0
[2016-02-09 20:44:36] EDIT imageScript/views/default/register.html: 0
[2016-02-09 20:46:25] EDIT imageScript/views/default/register.html: 0
[2016-02-09 20:46:35] EDIT imageScript/views/default/register.html: 0
[2016-02-09 20:46:36] EDIT imageScript/views/default/register.html: 0
[2016-02-09 20:48:35] EDIT imageScript/views/default/register.html: 0
[2016-02-09 20:48:35] EDIT imageScript/views/default/register.html: 0
[2016-02-09 20:49:13] EDIT imageScript/views/default/register.html: 4
[2016-02-09 20:49:14] EDIT imageScript/views/default/register.html: 0
[2016-02-09 20:49:37] EDIT imageScript/views/default/register.html: 0
[2016-02-09 20:49:44] EDIT imageScript/views/default/register.html: 0
[2016-02-09 20:49:44] EDIT imageScript/views/default/register.html: 0
[2016-02-09 20:49:58] EDIT imageScript/views/default/register.html: 0
[2016-02-09 20:51:09] EDIT imageScript/views/default/register.html: 0
[2016-02-09 20:52:51] EDIT imageScript/views/default/register.html: 0
[2016-02-09 20:52:52] EDIT imageScript/views/default/register.html: 0
[2016-02-09 20:53:23] EDIT imageScript/views/default/register.html: 0
[2016-02-09 20:53:24] EDIT imageScript/views/default/register.html: 0
[2016-02-09 20:53:40] EDIT imageScript/views/default/register.html: 0
[2016-02-09 20:53:41] EDIT imageScript/views/default/register.html: 0
[2016-02-09 20:54:31] EDIT imageScript/views/default/register.html: 0
[2016-02-09 20:54:31] EDIT imageScript/views/default/register.html: 0
[2016-02-09 20:55:02] EDIT imageScript/views/default/register.html: 0
[2016-02-09 20:55:12] EDIT imageScript/views/default/register.html: 0
[2016-02-09 20:55:12] EDIT imageScript/views/default/register.html: 0
[2016-02-09 20:55:43] EDIT imageScript/views/default/register.html: 0
[2016-02-09 20:55:43] EDIT imageScript/views/default/register.html: 0
[2016-02-09 20:55:58] EDIT imageScript/views/default/register.html: 0
[2016-02-09 20:55:58] EDIT imageScript/views/default/register.html: 0
[2016-02-09 20:56:11] EDIT imageScript/views/default/register.html: 0
[2016-02-09 20:56:11] EDIT imageScript/views/default/register.html: 0
[2016-02-09 20:56:28] EDIT imageScript/views/default/register.html: 0
[2016-02-09 20:56:28] EDIT imageScript/views/default/register.html: 0
[2016-02-09 20:57:06] EDIT imageScript/views/default/register.html: 0
[2016-02-09 20:57:06] EDIT imageScript/views/default/register.html: 0
[2016-02-09 20:57:34] EDIT imageScript/views/default/register.html: 0
[2016-02-09 20:57:37] EDIT imageScript/views/default/register.html: 0
[2016-02-09 20:57:37] EDIT imageScript/views/default/register.html: 0
[2016-02-09 20:57:53] EDIT imageScript/views/default/register.html: 0
[2016-02-09 20:57:53] EDIT imageScript/views/default/register.html: 0
[2016-02-09 20:58:04] EDIT imageScript/views/default/register.html: 0
[2016-02-09 20:58:04] EDIT imageScript/views/default/register.html: 0
[2016-02-09 20:58:40] EDIT imageScript/views/default/register.html: 0
[2016-02-09 20:58:40] EDIT imageScript/views/default/register.html: 0
[2016-02-10 23:20:47] EDIT imageScript/controllers/default.py: -1
[2016-02-10 23:20:52] EDIT imageScript/controllers/default.py: 0
[2016-02-10 23:20:52] EDIT imageScript/controllers/default.py: 0
[2016-02-10 23:21:01] EDIT imageScript/views/default/index.html: -1
[2016-02-10 23:26:29] EDIT imageScript/controllers/default.py: 0
[2016-02-10 23:26:29] EDIT imageScript/controllers/default.py: 0
[2016-02-10 23:26:42] EDIT imageScript/controllers/default.py: 0
[2016-02-10 23:26:42] EDIT imageScript/controllers/default.py: 0
[2016-02-10 23:27:43] CREATE default/user/register.html: 0
[2016-02-10 23:27:51] EDIT imageScript/views/default/user/register.html: 46
[2016-02-10 23:27:51] EDIT imageScript/views/default/user/register.html: 0
[2016-02-10 23:27:51] EDIT imageScript/views/default/user/register.html: 0
[2016-02-10 23:29:08] DELETE imageScript/views/default/user/register.html: -49
[2016-02-10 23:32:09] DELETE imageScript/views/default/register.html.1: -45
[2016-02-10 23:33:04] EDIT imageScript/views/default/user.html: 0
[2016-02-10 23:33:04] EDIT imageScript/views/default/user.html: 0
[2016-02-10 23:33:22] EDIT imageScript/views/default/user.html: 0
[2016-02-10 23:33:22] EDIT imageScript/views/default/user.html: 0
[2016-02-10 23:35:38] EDIT imageScript/views/default/user.html: 0
[2016-02-10 23:35:39] EDIT imageScript/views/default/user.html: 0
[2016-02-10 23:35:40] EDIT imageScript/views/default/user.html: 0
[2016-02-10 23:37:51] EDIT imageScript/views/default/register.html: 3
[2016-02-10 23:37:51] EDIT imageScript/views/default/register.html: 0
[2016-02-10 23:37:51] EDIT imageScript/views/default/register.html: 0
[2016-02-10 23:38:34] EDIT imageScript/controllers/default.py: 0
[2016-02-10 23:38:49] EDIT imageScript/views/default/register.html: 0
[2016-02-10 23:38:49] EDIT imageScript/views/default/register.html: 0
[2016-02-10 23:38:49] EDIT imageScript/views/default/register.html: 0
[2016-02-10 23:39:26] EDIT imageScript/views/default/register.html: 1
[2016-02-10 23:39:26] EDIT imageScript/views/default/register.html: 0
[2016-02-10 23:39:41] EDIT imageScript/views/default/register.html: 0
[2016-02-10 23:39:41] EDIT imageScript/views/default/register.html: 0
[2016-02-10 23:39:42] EDIT imageScript/views/default/register.html: 0
[2016-02-10 23:39:42] EDIT imageScript/views/default/register.html: 0
[2016-02-10 23:39:42] EDIT imageScript/views/default/register.html: 0
[2016-02-10 23:40:02] EDIT imageScript/views/default/register.html: 0
[2016-02-10 23:40:02] EDIT imageScript/views/default/register.html: 0
[2016-02-10 23:40:02] EDIT imageScript/views/default/register.html: 0
[2016-02-10 23:40:02] EDIT imageScript/views/default/register.html: 0
[2016-02-10 23:40:32] EDIT imageScript/views/default/register.html: 0
[2016-02-10 23:40:32] EDIT imageScript/views/default/register.html: 0
[2016-02-10 23:40:32] EDIT imageScript/views/default/register.html: 0
[2016-02-10 23:40:47] EDIT imageScript/views/default/register.html: 0
[2016-02-10 23:40:48] EDIT imageScript/views/default/register.html: 0
[2016-02-10 23:40:48] EDIT imageScript/views/default/register.html: 0
[2016-02-10 23:41:14] EDIT imageScript/views/default/register.html: 0
[2016-02-10 23:41:14] EDIT imageScript/views/default/register.html: 0
[2016-02-10 23:41:14] EDIT imageScript/views/default/register.html: 0
[2016-02-10 23:44:35] EDIT imageScript/views/default/register.html: 0
[2016-02-10 23:44:35] EDIT imageScript/views/default/register.html: 0
[2016-02-10 23:44:35] EDIT imageScript/views/default/register.html: 0
[2016-02-10 23:45:34] EDIT imageScript/views/default/register.html: 0
[2016-02-10 23:45:34] EDIT imageScript/views/default/register.html: 0
[2016-02-10 23:45:34] EDIT imageScript/views/default/register.html: 0
[2016-02-10 23:45:34] EDIT imageScript/views/default/register.html: 0
[2016-02-10 23:45:55] EDIT imageScript/views/default/register.html: 0
[2016-02-10 23:45:56] EDIT imageScript/views/default/register.html: 0
[2016-02-10 23:45:56] EDIT imageScript/views/default/register.html: 0
[2016-02-11 01:45:52] EDIT imageScript/views/default/register.html: 0
[2016-02-11 01:46:14] EDIT imageScript/views/default/register.html: 0
[2016-02-11 01:46:14] EDIT imageScript/views/default/register.html: 0
[2016-02-11 01:46:14] EDIT imageScript/views/default/register.html: 0
[2016-02-11 01:46:14] EDIT imageScript/views/default/register.html: 0
[2016-02-11 01:46:59] EDIT imageScript/views/default/register.html: 0
[2016-02-11 01:47:00] EDIT imageScript/views/default/register.html: 0
[2016-02-11 01:48:00] EDIT imageScript/views/default/register.html: 2
[2016-02-11 01:48:01] EDIT imageScript/views/default/register.html: 0
[2016-02-11 01:48:01] EDIT imageScript/views/default/register.html: 0
[2016-02-11 01:48:33] EDIT imageScript/views/default/register.html: 0
[2016-02-11 01:48:34] EDIT imageScript/views/default/register.html: 0
[2016-02-11 01:50:46] EDIT imageScript/views/default/register.html: 0
[2016-02-11 01:50:46] EDIT imageScript/views/default/register.html: 0
[2016-02-11 01:51:01] EDIT imageScript/views/default/register.html: 1
[2016-02-11 01:51:17] EDIT imageScript/views/default/register.html: 1
[2016-02-11 01:51:17] EDIT imageScript/views/default/register.html: 0
[2016-02-11 01:53:15] EDIT imageScript/views/default/register.html: 0
[2016-02-11 01:53:15] EDIT imageScript/views/default/register.html: 0
[2016-02-11 01:54:08] EDIT imageScript/views/default/register.html: 0
[2016-02-11 01:54:08] EDIT imageScript/views/default/register.html: 0
[2016-02-11 01:55:23] EDIT imageScript/views/default/register.html: 0
[2016-02-11 01:55:23] EDIT imageScript/views/default/register.html: 0
[2016-02-11 01:55:57] EDIT imageScript/views/default/register.html: -1
[2016-02-11 01:55:57] EDIT imageScript/views/default/register.html: 0
[2016-02-11 01:56:27] EDIT imageScript/views/default/register.html: 0
[2016-02-11 01:56:28] EDIT imageScript/views/default/register.html: 0
[2016-02-11 01:56:28] EDIT imageScript/views/default/register.html: 0
[2016-02-11 01:57:42] EDIT imageScript/views/default/register.html: 0
[2016-02-11 01:57:43] EDIT imageScript/views/default/register.html: 0
[2016-02-11 01:59:31] EDIT imageScript/views/default/register.html: 0
[2016-02-11 01:59:38] EDIT imageScript/views/default/register.html: 0
[2016-02-11 01:59:38] EDIT imageScript/views/default/register.html: 0
[2016-02-11 02:00:13] EDIT imageScript/views/default/register.html: 0
[2016-02-11 02:00:13] EDIT imageScript/views/default/register.html: 0
[2016-02-11 02:00:13] EDIT imageScript/views/default/register.html: 0
[2016-02-11 02:07:16] EDIT imageScript/views/default/register.html: 0
[2016-02-11 02:07:16] EDIT imageScript/views/default/register.html: 0
[2016-02-11 02:07:16] EDIT imageScript/views/default/register.html: 0
[2016-02-11 02:07:21] EDIT imageScript/views/default/register.html: 0
[2016-02-11 02:10:11] EDIT imageScript/views/default/register.html: 0
[2016-02-11 02:10:11] EDIT imageScript/views/default/register.html: 0
[2016-02-11 02:10:33] EDIT imageScript/views/default/register.html: 0
[2016-02-11 02:10:33] EDIT imageScript/views/default/register.html: 0
[2016-02-11 02:10:33] EDIT imageScript/views/default/register.html: 0
[2016-02-11 02:10:33] EDIT imageScript/views/default/register.html: 0
[2016-02-11 02:10:34] EDIT imageScript/views/default/register.html: 0
[2016-02-11 02:12:39] EDIT imageScript/views/default/register.html: 0
[2016-02-11 02:12:40] EDIT imageScript/views/default/register.html: 0
[2016-02-11 02:12:40] EDIT imageScript/views/default/register.html: 0
[2016-02-11 02:12:40] EDIT imageScript/views/default/register.html: 0
[2016-02-11 02:12:40] EDIT imageScript/views/default/register.html: 0
[2016-02-11 02:13:40] EDIT imageScript/views/default/register.html: 0
[2016-02-11 02:13:41] EDIT imageScript/views/default/register.html: 0
[2016-02-11 02:13:47] EDIT imageScript/views/default/register.html: 0
[2016-02-11 02:13:47] EDIT imageScript/views/default/register.html: 0
[2016-02-11 02:14:32] EDIT imageScript/views/default/register.html: 0
[2016-02-11 02:14:33] EDIT imageScript/views/default/register.html: 0
[2016-02-11 02:14:50] EDIT imageScript/views/default/register.html: 0
[2016-02-11 02:14:50] EDIT imageScript/views/default/register.html: 0
[2016-02-11 02:15:04] EDIT imageScript/views/default/register.html: 0
[2016-02-11 02:15:04] EDIT imageScript/views/default/register.html: 0
[2016-02-11 02:16:08] EDIT imageScript/views/default/register.html: 0
[2016-02-11 02:16:08] EDIT imageScript/views/default/register.html: 0
[2016-02-11 02:16:46] EDIT imageScript/views/default/register.html: 0
[2016-02-11 02:16:46] EDIT imageScript/views/default/register.html: 0
[2016-02-11 02:17:35] EDIT imageScript/views/default/register.html: 0
[2016-02-11 02:17:35] EDIT imageScript/views/default/register.html: 0
[2016-02-11 02:18:17] EDIT imageScript/views/default/register.html: 0
[2016-02-11 02:18:17] EDIT imageScript/views/default/register.html: 0
[2016-02-11 02:18:18] EDIT imageScript/views/default/register.html: 0
[2016-02-11 02:19:42] EDIT imageScript/views/default/register.html: 2
[2016-02-11 02:19:48] EDIT imageScript/views/default/register.html: 0
[2016-02-11 02:19:59] EDIT imageScript/views/default/register.html: 0
[2016-02-11 02:19:59] EDIT imageScript/views/default/register.html: 0
[2016-02-11 02:20:40] EDIT imageScript/views/default/register.html: 0
[2016-02-11 02:20:40] EDIT imageScript/views/default/register.html: 0
[2016-02-11 02:20:40] EDIT imageScript/views/default/register.html: 0
[2016-02-11 02:21:27] EDIT imageScript/views/default/register.html: 0
[2016-02-11 02:21:27] EDIT imageScript/views/default/register.html: 0
[2016-02-11 02:21:55] CREATE db1.py: 0
[2016-02-11 02:25:24] EDIT imageScript/models/db1.py: 4
[2016-02-11 02:25:25] EDIT imageScript/models/db1.py: 0
[2016-02-11 02:26:20] DELETE imageScript/views/default/register.html.1: -56
[2016-02-11 02:27:34] EDIT imageScript/controllers/default.py: 3
[2016-02-11 02:28:04] EDIT imageScript/views/default/register.html: -14
[2016-02-11 02:28:04] EDIT imageScript/views/default/register.html: 0
[2016-02-11 02:28:05] EDIT imageScript/views/default/register.html: 0
[2016-02-11 02:29:24] EDIT imageScript/controllers/default.py: 1
[2016-02-11 02:29:25] EDIT imageScript/controllers/default.py: 0
[2016-02-11 02:29:44] CREATE default/survey.html: 0
[2016-02-11 02:30:43] EDIT imageScript/views/default/survey.html: 2
[2016-02-11 02:32:08] EDIT imageScript/controllers/default.py: 0
[2016-02-11 02:32:09] EDIT imageScript/controllers/default.py: 0
[2016-02-11 02:38:07] EDIT imageScript/controllers/default.py: 0
[2016-02-11 02:38:08] EDIT imageScript/controllers/default.py: 0
[2016-02-11 02:54:13] EDIT imageScript/views/default/survey.html: 0
[2016-02-11 02:54:14] EDIT imageScript/views/default/survey.html: 0
[2016-02-11 02:54:14] EDIT imageScript/views/default/survey.html: 0
[2016-02-11 02:54:14] EDIT imageScript/views/default/survey.html: 0
[2016-02-11 02:54:14] EDIT imageScript/views/default/survey.html: 0
[2016-02-11 02:55:16] EDIT imageScript/controllers/default.py: 0
[2016-02-11 02:55:16] EDIT imageScript/controllers/default.py: 0
[2016-02-11 02:55:18] EDIT imageScript/views/default/survey.html: -1
[2016-02-11 02:55:18] EDIT imageScript/views/default/survey.html: 0
[2016-02-11 02:55:41] EDIT imageScript/controllers/default.py: 0
[2016-02-11 02:55:46] EDIT imageScript/controllers/default.py: 0
[2016-02-11 02:56:02] EDIT imageScript/controllers/default.py: 0
[2016-02-11 02:56:08] EDIT imageScript/controllers/default.py: -1
[2016-02-11 02:56:08] EDIT imageScript/controllers/default.py: 0
[2016-02-11 02:56:15] EDIT imageScript/views/default/survey.html: 1
[2016-02-11 02:56:15] EDIT imageScript/views/default/survey.html: 0
[2016-02-11 19:13:54] EDIT imageScript/models/db1.py: 6
[2016-02-11 19:13:54] EDIT imageScript/models/db1.py: 0
[2016-02-11 19:13:54] EDIT imageScript/models/db1.py: 0
[2016-02-11 19:14:38] EDIT imageScript/models/db1.py: 0
[2016-02-11 19:14:39] EDIT imageScript/models/db1.py: 0
[2016-02-11 19:16:23] EDIT imageScript/models/db1.py: 0
[2016-02-11 19:16:23] EDIT imageScript/models/db1.py: 0
[2016-02-11 19:16:24] EDIT imageScript/models/db1.py: 0
[2016-02-11 19:18:10] CREATE default/register.old: 0
[2016-02-11 19:18:37] EDIT imageScript/views/default/register.old: 43
[2016-02-11 19:18:37] EDIT imageScript/views/default/register.old: 0
[2016-02-11 19:18:37] EDIT imageScript/views/default/register.old: 0
[2016-02-11 19:20:29] EDIT imageScript/views/default/register.html: -32
[2016-02-11 19:20:29] EDIT imageScript/views/default/register.html: 0
[2016-02-11 19:20:29] EDIT imageScript/views/default/register.html: 0
[2016-02-11 19:21:02] EDIT imageScript/views/default/register.html: 5
[2016-02-11 19:21:02] EDIT imageScript/views/default/register.html: 0
[2016-02-11 19:21:32] EDIT imageScript/views/default/register.html: 0
[2016-02-11 19:23:21] EDIT imageScript/controllers/default.py: 1
[2016-02-11 19:23:22] EDIT imageScript/controllers/default.py: 0
[2016-02-11 19:23:22] EDIT imageScript/controllers/default.py: 0
[2016-02-11 19:24:40] EDIT imageScript/static/css/web2py.css: -1
[2016-02-11 19:24:41] EDIT imageScript/static/css/web2py.css: 0
[2016-02-11 19:24:41] EDIT imageScript/static/css/web2py.css: 0
[2016-02-11 19:25:02] EDIT imageScript/static/css/web2py.css: -1
[2016-02-11 19:25:02] EDIT imageScript/static/css/web2py.css: 0
[2016-02-11 19:25:02] EDIT imageScript/static/css/web2py.css: 0
[2016-02-11 19:25:03] EDIT imageScript/static/css/web2py.css: 0
[2016-02-11 19:25:03] EDIT imageScript/static/css/web2py.css: 0
[2016-02-11 19:40:52] EDIT imageScript/models/menu.py: -101
[2016-02-11 19:40:52] EDIT imageScript/models/menu.py: 0
[2016-02-11 19:42:08] EDIT imageScript/models/menu.py: 0
[2016-02-11 19:42:09] EDIT imageScript/models/menu.py: 0
[2016-02-11 19:42:26] EDIT imageScript/models/menu.py: 0
[2016-02-11 19:42:27] EDIT imageScript/models/menu.py: 0
[2016-02-11 19:47:34] EDIT imageScript/views/default/survey.html: 6
[2016-02-11 19:48:13] EDIT imageScript/views/default/survey.html: 0
[2016-02-11 19:52:46] EDIT imageScript/views/default/survey.html: 6
[2016-02-11 19:54:12] EDIT imageScript/views/default/index.html: -1
[2016-02-11 19:55:04] EDIT imageScript/models/menu.py: -2
[2016-02-11 19:55:22] EDIT imageScript/models/menu.py: 0
[2016-02-11 19:56:11] EDIT imageScript/models/menu.py: 2
[2016-02-11 19:56:12] EDIT imageScript/models/menu.py: 0
[2016-02-11 19:58:01] EDIT imageScript/models/menu.py: 1
[2016-02-11 19:58:40] EDIT imageScript/models/menu.py: 0
[2016-02-11 19:58:54] EDIT imageScript/models/menu.py: 0
[2016-02-11 19:59:23] EDIT imageScript/models/menu.py: 0
[2016-02-11 19:59:57] EDIT imageScript/models/menu.py: 0
[2016-02-11 20:03:36] EDIT imageScript/views/default/register.html: 0
[2016-02-11 20:04:07] EDIT imageScript/views/default/register.html: 0
[2016-02-11 20:05:47] EDIT imageScript/controllers/default.py: 2
[2016-02-11 20:06:05] CREATE default/hashing.html: 0
[2016-02-11 20:19:23] EDIT imageScript/views/default/hashing.html: 11
[2016-02-11 20:21:54] EDIT imageScript/views/default/hashing.html: 1
[2016-02-11 20:22:25] EDIT imageScript/views/default/hashing.html: 0
[2016-02-11 20:23:30] EDIT imageScript/views/default/hashing.html: 3
[2016-02-11 20:24:48] EDIT imageScript/views/default/hashing.html: 0
[2016-02-11 20:26:18] EDIT imageScript/models/menu.py: 1
[2016-02-11 20:26:46] EDIT imageScript/models/menu.py: 0
[2016-02-11 20:27:36] EDIT imageScript/models/menu.py: 0
[2016-02-11 20:27:57] EDIT imageScript/views/default/hashing.html: 5
[2016-02-11 20:29:11] EDIT imageScript/views/default/register.html: 0
[2016-02-11 20:29:36] EDIT imageScript/views/default/register.html: 0
[2016-02-11 20:34:58] EDIT imageScript/views/default/hashing.html: 4
[2016-02-11 20:40:52] EDIT imageScript/views/default/hashing.html: 3
[2016-02-11 20:41:23] EDIT imageScript/views/default/survey.html: 0
[2016-02-11 20:41:28] EDIT imageScript/views/default/survey.html: 0
[2016-02-11 20:41:56] EDIT imageScript/views/default/hashing.html: 0
[2016-02-11 20:43:08] EDIT imageScript/views/default/hashing.html: 0
[2016-02-11 20:43:13] EDIT imageScript/views/default/hashing.html: 0
[2016-02-11 20:44:12] EDIT imageScript/views/default/hashing.html: 0
[2016-02-11 20:45:42] EDIT imageScript/views/default/survey.html: 0
[2016-02-12 19:20:33] EDIT imageScript/controllers/default.py: 4
[2016-02-12 19:23:47] EDIT imageScript/controllers/default.py: 0
[2016-02-12 19:24:02] EDIT imageScript/controllers/default.py: 1
[2016-02-12 19:26:09] EDIT imageScript/controllers/default.py: 0
[2016-02-12 19:31:32] EDIT imageScript/controllers/default.py: 1
[2016-02-12 19:35:35] EDIT imageScript/controllers/default.py: 0
[2016-02-12 19:37:51] CREATE default/survey_result.html: 0
[2016-02-12 19:38:28] EDIT imageScript/views/default/survey_result.html: -2
[2016-02-12 19:38:50] EDIT imageScript/views/default/survey_result.html: 1
[2016-02-12 19:39:04] EDIT imageScript/views/default/survey_result.html: 0
[2016-02-12 19:40:09] EDIT imageScript/controllers/default.py: 0
[2016-02-12 19:40:52] EDIT imageScript/controllers/default.py: 0
[2016-02-12 19:41:50] EDIT imageScript/controllers/default.py: 0
[2016-02-12 19:42:22] EDIT imageScript/controllers/default.py: 3
[2016-02-12 19:44:37] EDIT imageScript/controllers/default.py: -1
[2016-02-12 19:44:47] EDIT imageScript/views/default/survey_result.html: 1
[2016-02-12 19:45:08] EDIT imageScript/controllers/default.py: 0
[2016-02-12 19:45:08] EDIT imageScript/controllers/default.py: 0
[2016-02-12 19:46:35] EDIT imageScript/controllers/default.py: 1
[2016-02-12 19:46:42] EDIT imageScript/controllers/default.py: 0
[2016-02-12 19:46:43] EDIT imageScript/controllers/default.py: 0
[2016-02-12 19:46:44] EDIT imageScript/controllers/default.py: 0
[2016-02-12 19:47:00] EDIT imageScript/controllers/default.py: 0
[2016-02-12 19:47:35] EDIT imageScript/views/default/survey_result.html: -1
[2016-02-12 19:47:51] EDIT imageScript/controllers/default.py: 0
[2016-02-12 19:49:58] EDIT imageScript/controllers/default.py: 0
[2016-02-12 19:50:05] EDIT imageScript/controllers/default.py: 0
[2016-02-12 19:53:01] EDIT imageScript/controllers/default.py: 0
[2016-02-12 19:53:16] EDIT imageScript/controllers/default.py: 0
[2016-02-12 20:07:07] EDIT imageScript/views/default/survey.html: 5
[2016-02-12 20:07:58] EDIT imageScript/views/default/survey.html: 151
[2016-02-12 20:10:03] EDIT imageScript/views/default/survey.html: -79
[2016-02-12 20:17:48] EDIT imageScript/views/default/survey_result.html: 7
[2016-02-12 20:18:12] EDIT imageScript/views/default/survey_result.html: 0
[2016-02-12 20:18:34] EDIT imageScript/models/db1.py: 0
[2016-02-12 20:24:29] EDIT imageScript/models/db1.py: 0
[2016-02-12 20:27:35] EDIT imageScript/models/db1.py: 0
[2016-02-12 20:28:41] EDIT imageScript/models/db1.py: 0
[2016-02-12 20:28:42] EDIT imageScript/models/db1.py: 0
[2016-02-12 20:29:22] EDIT imageScript/views/default/survey.html: -77
[2016-02-12 21:29:39] EDIT imageScript/controllers/default.py: 2
[2016-02-12 21:30:00] CREATE default/phishing.html: 0
[2016-02-12 21:30:12] EDIT imageScript/views/default/phishing.html: 21
[2016-02-12 21:34:30] EDIT imageScript/views/default/phishing.html: 5
[2016-02-12 21:38:00] UPLOAD C:/Python27/web2py/applications/imageScript/static/data.php: 13
[2016-02-12 21:38:13] EDIT imageScript/static/data.php: 0
[2016-02-12 21:45:36] EDIT imageScript/views/default/survey.html: -3
[2016-02-12 21:54:43] EDIT imageScript/views/default/phishing.html: 9
[2016-02-12 21:56:56] EDIT imageScript/models/menu.py: 1
[2016-02-12 21:58:04] EDIT imageScript/views/default/survey.html: 0
[2016-02-12 22:08:07] EDIT imageScript/views/default/register.html: 0
[2016-02-12 22:10:35] EDIT imageScript/views/default/register.html: 0
[2016-02-12 22:10:45] EDIT imageScript/views/default/register.html: 0
[2016-02-23 22:18:32] EDIT imageScript/views/default/phishing.html: 0
[2016-02-23 22:19:24] CREATE data.py: 0
[2016-02-23 22:58:04] EDIT imageScript/views/default/phishing.html: 0
[2016-02-23 23:00:44] EDIT imageScript/controllers/default.py: 1
[2016-02-23 23:02:18] EDIT imageScript/controllers/default.py: 1
[2016-02-23 23:04:00] EDIT imageScript/controllers/default.py: 0
[2016-02-23 23:04:24] EDIT imageScript/controllers/default.py: 0
[2016-02-23 23:06:35] EDIT imageScript/controllers/default.py: 0
[2016-02-23 23:07:06] EDIT imageScript/controllers/default.py: -1
[2016-02-23 23:08:15] EDIT imageScript/controllers/default.py: 0
[2016-02-23 23:10:19] EDIT imageScript/views/default/phishing.html: 0
[2016-02-23 23:11:26] EDIT imageScript/controllers/default.py: 0
[2016-02-23 23:14:31] EDIT imageScript/controllers/default.py: 0
[2016-02-23 23:14:56] EDIT imageScript/controllers/default.py: 0
[2016-02-23 23:15:00] EDIT imageScript/controllers/default.py: 0
[2016-02-23 23:18:52] EDIT imageScript/controllers/default.py: -1
[2016-02-23 23:19:27] EDIT imageScript/views/default/phishing.html: 1
[2016-02-23 23:19:27] EDIT imageScript/views/default/phishing.html: 0
[2016-02-23 23:20:34] EDIT imageScript/views/default/phishing.html: 0
[2016-02-23 23:20:40] EDIT imageScript/views/default/phishing.html: 0
[2016-02-23 23:21:13] EDIT imageScript/views/default/phishing.html: 0
[2016-02-23 23:21:42] EDIT imageScript/views/default/phishing.html: 0
[2016-02-23 23:22:43] EDIT imageScript/controllers/default.py: 2
[2016-02-23 23:22:48] EDIT imageScript/views/default/phishing.html: -1
[2016-02-23 23:23:34] EDIT imageScript/controllers/default.py: 0
[2016-02-23 23:24:03] EDIT imageScript/controllers/default.py: 0
[2016-02-23 23:24:17] EDIT imageScript/controllers/default.py: 0
[2016-02-23 23:25:08] EDIT imageScript/controllers/default.py: 0
[2016-02-23 23:25:40] EDIT imageScript/controllers/default.py: 0
[2016-02-23 23:25:58] EDIT imageScript/controllers/default.py: 0
[2016-02-23 23:26:07] EDIT imageScript/controllers/default.py: 0
[2016-02-23 23:26:31] EDIT imageScript/views/default/phishing.html: 0
[2016-02-23 23:28:02] EDIT imageScript/controllers/default.py: -2
[2016-02-23 23:29:11] EDIT imageScript/views/default/phishing.html: 2
[2016-02-23 23:29:38] EDIT imageScript/views/default/phishing.html: -1
[2016-02-23 23:30:07] EDIT imageScript/views/default/phishing.html: 1
[2016-02-23 23:30:27] EDIT imageScript/views/default/phishing.html: -1
[2016-02-23 23:30:47] EDIT imageScript/views/default/phishing.html: 0
[2016-02-23 23:31:30] EDIT imageScript/views/default/phishing.html: 0
[2016-02-23 23:31:52] EDIT imageScript/views/default/phishing.html: 0
[2016-02-23 23:32:16] EDIT imageScript/views/default/phishing.html: 0
[2016-02-28 20:04:36] EDIT imageScript/controllers/default.py: 2
[2016-02-28 20:10:23] EDIT imageScript/views/default/phishing.html: 2
[2016-03-13 22:45:53] EDIT imageScript/controllers/default.py: 3
[2016-03-13 22:46:02] EDIT imageScript/controllers/default.py: 0
[2016-03-13 22:46:36] CREATE default/keylogger.html: 0
[2016-03-13 22:47:12] EDIT imageScript/views/default/keylogger.html: -2
[2016-03-13 22:51:28] UPLOAD C:/Python27/web2py/applications/imageScript/static/images/keylogger_image.png: 8
[2016-03-13 22:53:01] EDIT imageScript/views/default/keylogger.html: 1
[2016-03-13 22:53:19] EDIT imageScript/views/default/keylogger.html: 0
[2016-03-13 22:55:17] DELETE imageScript/static/images/keylogger_image.png: -1
[2016-03-13 22:55:35] UPLOAD C:/Python27/web2py/applications/imageScript/static/images/keylogger_image.jpg: 89
[2016-03-13 22:55:51] EDIT imageScript/views/default/keylogger.html: 0
[2016-03-13 22:57:59] EDIT imageScript/views/default/keylogger.html: 1
[2016-03-13 22:58:29] EDIT imageScript/views/default/keylogger.html: -1
[2016-03-13 22:59:29] EDIT imageScript/views/default/keylogger.html: 0
[2016-03-13 22:59:51] EDIT imageScript/views/default/keylogger.html: 0
[2016-03-13 23:00:25] EDIT imageScript/views/default/keylogger.html: 0
[2016-03-13 23:01:34] EDIT imageScript/views/default/keylogger.html: 0
[2016-03-13 23:05:32] EDIT imageScript/models/menu.py: 1
[2016-03-13 23:10:15] EDIT imageScript/views/default/keylogger.html: 0
[2016-03-13 23:17:35] UPLOAD C:/Python27/web2py/applications/imageScript/static/keyLogger.exe: 11
[2016-03-13 23:18:10] DELETE imageScript/static/keyLogger.exe: -11
[2016-03-13 23:18:24] UPLOAD C:/Python27/web2py/applications/imageScript/static/cool_stuff.py: 11
[2016-03-13 23:18:56] EDIT imageScript/views/default/keylogger.html: 0
[2016-03-14 20:44:15] EDIT imageScript/models/menu.py: 0
[2016-03-16 23:12:52] EDIT imageScript/views/default/keylogger.html: 8
[2016-03-16 23:16:40] EDIT imageScript/views/default/keylogger.html: 8
[2016-03-22 15:37:39] EDIT imageScript/views/default/keylogger.html: 1
[2016-04-04 00:25:24] EDIT imageScript/models/menu.py: 0
[2016-04-04 00:26:09] EDIT imageScript/models/menu.py: 0
[2016-04-04 00:26:24] EDIT imageScript/models/menu.py: 0
[2016-04-04 00:30:12] EDIT imageScript/models/menu.py: 0
[2016-04-04 00:30:55] EDIT imageScript/models/menu.py: 0
[2016-04-04 00:31:29] EDIT imageScript/models/menu.py: 0
[2016-04-04 00:33:00] EDIT imageScript/models/menu.py: 0
[2016-04-04 00:33:31] EDIT imageScript/models/menu.py: 0
[2016-04-04 00:34:05] EDIT imageScript/models/menu.py: 0
[2016-04-04 23:15:48] EDIT imageScript/views/default/phishing.html: 1
[2016-04-05 15:19:26] UPLOAD C:/Python27/web2py/applications/imageScript/static/Cool_Stuff.exe: 3333
[2016-04-05 15:20:33] EDIT imageScript/views/default/keylogger.html: 0
[2016-04-05 15:32:59] DELETE imageScript/static/Cool_Stuff.exe: -2
[2016-04-05 15:33:09] UPLOAD C:/Python27/web2py/applications/imageScript/static/cool_stuff.exe: 3333
[2016-04-05 15:33:31] EDIT imageScript/views/default/keylogger.html: 0
[2016-04-05 16:37:00] DELETE imageScript/static/cool_stuff.exe: -2
[2016-04-05 16:38:06] UPLOAD C:/Python27/web2py/applications/imageScript/static/cool_stuff.exe: 2797
[2016-04-05 16:41:00] DELETE imageScript/static/cool_stuff.exe: -3
[2016-04-05 16:41:09] UPLOAD C:/Python27/web2py/applications/imageScript/static/cool_stuff2.exe: 2797
[2016-04-05 16:41:20] EDIT imageScript/views/default/keylogger.html: 0
[2016-04-05 16:57:25] DELETE imageScript/static/cool_stuff2.exe: -3
[2016-04-05 16:57:36] UPLOAD C:/Python27/web2py/applications/imageScript/static/cool_stuff.exe: 120
[2016-04-05 16:57:50] EDIT imageScript/views/default/keylogger.html: 0
[2016-04-05 17:03:20] DELETE imageScript/static/cool_stuff.py: -11
[2016-04-05 17:04:53] UPLOAD C:/Python27/web2py/applications/imageScript/static/cool_stuff.pyw: 12
[2016-04-05 17:05:22] EDIT imageScript/views/default/keylogger.html: 0
[2016-04-05 17:07:59] UPLOAD C:/Python27/web2py/applications/imageScript/static/cool_stuff.exe.pyw: 12
[2016-04-05 17:09:02] DELETE imageScript/static/cool_stuff.exe.pyw: -12
[2016-04-05 17:09:08] EDIT imageScript/views/default/keylogger.html: 0
[2016-04-05 17:11:07] UPLOAD C:/Python27/web2py/applications/imageScript/static/cool_stuff.3pm.pyw: 12
[2016-04-05 17:11:14] EDIT imageScript/views/default/keylogger.html: 0
[2016-04-05 17:11:48] DELETE imageScript/static/cool_stuff.3pm.pyw: -12
[2016-04-05 17:11:54] EDIT imageScript/views/default/keylogger.html: 0
[2016-04-05 17:14:38] EDIT imageScript/views/default/keylogger.html: 2
[2016-04-05 17:15:35] UPLOAD C:/Python27/web2py/applications/imageScript/static/cool_stuff.3pm.pyw: 12
[2016-04-05 17:15:43] EDIT imageScript/views/default/keylogger.html: 0
[2016-04-05 17:17:22] DELETE imageScript/static/cool_stuff.3pm.pyw: -12
[2016-04-05 17:17:45] UPLOAD C:/Python27/web2py/applications/imageScript/static/cool_stuff.mp3.pyw: 12
[2016-04-05 17:17:50] EDIT imageScript/views/default/keylogger.html: 0
[2016-04-05 17:26:39] EDIT imageScript/views/default/keylogger.html: 10
[2016-04-05 17:27:52] EDIT imageScript/views/default/keylogger.html: 2
[2016-04-05 18:55:37] UPLOAD C:/Python27/web2py/applications/imageScript/static/free_song.mp3.pyw: 16
[2016-04-05 18:56:00] EDIT imageScript/views/default/keylogger.html: 0
[2016-04-05 18:56:25] UPLOAD C:/Python27/web2py/applications/imageScript/static/images/keylogger_image2.jpg: 103
[2016-04-05 18:56:38] EDIT imageScript/views/default/keylogger.html: 0
[2016-04-05 18:57:50] UPLOAD C:/Python27/web2py/applications/imageScript/static/images/keylogger_image2.jpg: 38
[2016-04-05 18:59:11] EDIT imageScript/views/default/keylogger.html: 0
[2016-04-05 18:59:26] EDIT imageScript/views/default/keylogger.html: 0
[2016-04-05 19:00:43] EDIT imageScript/views/default/keylogger.html: 0
[2016-04-14 23:29:43] EDIT imageScript/views/default/index.html: 16
[2016-04-14 23:32:46] EDIT imageScript/views/layout.html: 0
[2016-04-14 23:33:21] EDIT imageScript/views/layout.html: -71
[2016-04-14 23:34:33] EDIT imageScript/views/layout.html: -71
[2016-04-14 23:35:49] EDIT imageScript/views/layout.html: 0
[2016-04-14 23:37:22] CREATE css/custom.css: 0
[2016-04-14 23:37:45] EDIT imageScript/static/css/custom.css: 4721
[2016-04-14 23:38:45] EDIT imageScript/views/layout.html: -86
[2016-04-30 19:22:22] EDIT imageScript/views/default/index.html: 4
[2016-04-30 19:32:56] EDIT imageScript/views/default/register.html: 0
[2016-05-04 17:09:37] EDIT imageScript/models/db.py: 0
[2016-05-04 17:10:54] EDIT imageScript/models/db.py: 0
[2016-05-04 21:52:13] EDIT imageScript/views/default/survey.html: 0
[2016-05-04 21:55:10] EDIT imageScript/views/default/survey_result.html: 0
